# JRE version: OpenJDK Runtime Environment Temurin-21.0.12.1+1 (21.0.12.1+1) (build 21.0.12.1+1-LTS)
# Java VM: OpenJDK 64-Bit Server VM Temurin-21.0.12.1+1 (21.0.12.1+1-LTS, mixed mode, sharing, tiered, compressed oops, compressed class ptrs, g1 gc, windows-amd64)
GC Precious Log:
 CardTable entry size: 512
 Card Set container configuration: InlinePtr #cards 4 size 8 Array Of Cards #cards 16 size 48 Howl #buckets 8 coarsen threshold 3686 Howl Bitmap #cards 512 size 80 coarsen threshold 460 Card regions per heap region 1 cards per card region 4096
 CPUs: 4 total, 4 available
 Memory: 3345M
 Large Page Support: Disabled
 NUMA Support: Disabled
 Compressed Oops: Enabled (Zero based)
 Heap Region Size: 2M
 Heap Min Capacity: 8M
 Heap Initial Capacity: 54M
 Heap Max Capacity: 4G
 Pre-touch: Disabled
 Parallel Workers: 4
 Concurrent Workers: 1
 Concurrent Refinement Workers: 4
 Periodic GC: Disabled
Heap:
 garbage-first heap   total 182272K, used 66024K [0x0000000700000000, 0x0000000800000000)
  region size 2048K, 3 young (6144K), 1 survivors (2048K)
 Metaspace       used 64874K, committed 66752K, reserved 1114112K
  class space    used 9388K, committed 10304K, reserved 1048576K
GC Heap History (20 events):
Event: 331.227 GC heap before
{Heap before GC invocations=34 (full 0):
 garbage-first heap   total 151552K, used 77110K [0x0000000700000000, 0x0000000800000000)
  region size 2048K, 11 young (22528K), 1 survivors (2048K)
 Metaspace       used 57250K, committed 59008K, reserved 1114112K
  class space    used 8391K, committed 9280K, reserved 1048576K
}
Event: 331.388 GC heap after
{Heap after GC invocations=35 (full 0):
 garbage-first heap   total 151552K, used 58006K [0x0000000700000000, 0x0000000800000000)
  region size 2048K, 2 young (4096K), 2 survivors (4096K)
 Metaspace       used 57250K, committed 59008K, reserved 1114112K
  class space    used 8391K, committed 9280K, reserved 1048576K
}
Event: 337.829 GC heap before
{Heap before GC invocations=35 (full 0):
 garbage-first heap   total 151552K, used 68246K [0x0000000700000000, 0x0000000800000000)
  region size 2048K, 7 young (14336K), 2 survivors (4096K)
 Metaspace       used 58384K, committed 60288K, reserved 1114112K
  class space    used 8544K, committed 9472K, reserved 1048576K
}
Event: 337.873 GC heap after
{Heap after GC invocations=36 (full 0):
 garbage-first heap   total 151552K, used 58402K [0x0000000700000000, 0x0000000800000000)
  region size 2048K, 1 young (2048K), 1 survivors (2048K)
 Metaspace       used 58384K, committed 60288K, reserved 1114112K
  class space    used 8544K, committed 9472K, reserved 1048576K
}
Event: 395.444 GC heap before
{Heap before GC invocations=36 (full 0):
 garbage-first heap   total 151552K, used 82978K [0x0000000700000000, 0x0000000800000000)
  region size 2048K, 14 young (28672K), 1 survivors (2048K)
 Metaspace       used 60916K, committed 62784K, reserved 1114112K
  class space    used 8856K, committed 9792K, reserved 1048576K
}
Event: 395.654 GC heap after
{Heap after GC invocations=37 (full 0):
 garbage-first heap   total 151552K, used 60129K [0x0000000700000000, 0x0000000800000000)
  region size 2048K, 2 young (4096K), 2 survivors (4096K)
 Metaspace       used 60916K, committed 62784K, reserved 1114112K
  class space    used 8856K, committed 9792K, reserved 1048576K
}
Event: 440.432 GC heap before
{Heap before GC invocations=37 (full 0):
 garbage-first heap   total 151552K, used 74465K [0x0000000700000000, 0x0000000800000000)
  region size 2048K, 9 young (18432K), 2 survivors (4096K)
 Metaspace       used 61954K, committed 63808K, reserved 1114112K
  class space    used 8992K, committed 9920K, reserved 1048576K
}
Event: 441.096 GC heap after
{Heap after GC invocations=38 (full 0):
 garbage-first heap   total 151552K, used 60484K [0x0000000700000000, 0x0000000800000000)
  region size 2048K, 2 young (4096K), 2 survivors (4096K)
 Metaspace       used 61954K, committed 63808K, reserved 1114112K
  class space    used 8992K, committed 9920K, reserved 1048576K
}
Event: 443.508 GC heap before
{Heap before GC invocations=38 (full 0):
 garbage-first heap   total 151552K, used 62532K [0x0000000700000000, 0x0000000800000000)
  region size 2048K, 3 young (6144K), 2 survivors (4096K)
 Metaspace       used 62076K, committed 63936K, reserved 1114112K
  class space    used 9006K, committed 9920K, reserved 1048576K
}
Event: 443.574 GC heap after
{Heap after GC invocations=39 (full 0):
 garbage-first heap   total 151552K, used 60574K [0x0000000700000000, 0x0000000800000000)
  region size 2048K, 1 young (2048K), 1 survivors (2048K)
 Metaspace       used 62076K, committed 63936K, reserved 1114112K
  class space    used 9006K, committed 9920K, reserved 1048576K
}
Event: 523.183 GC heap before
{Heap before GC invocations=39 (full 0):
 garbage-first heap   total 151552K, used 93342K [0x0000000700000000, 0x0000000800000000)
  region size 2048K, 17 young (34816K), 1 survivors (2048K)
 Metaspace       used 64012K, committed 65856K, reserved 1114112K
  class space    used 9268K, committed 10176K, reserved 1048576K
}
Event: 524.684 GC heap after
{Heap after GC invocations=40 (full 0):
 garbage-first heap   total 151552K, used 61462K [0x0000000700000000, 0x0000000800000000)
  region size 2048K, 1 young (2048K), 1 survivors (2048K)
 Metaspace       used 64012K, committed 65856K, reserved 1114112K
  class space    used 9268K, committed 10176K, reserved 1048576K
}
Event: 533.290 GC heap before
{Heap before GC invocations=40 (full 0):
 garbage-first heap   total 151552K, used 65558K [0x0000000700000000, 0x0000000800000000)
  region size 2048K, 3 young (6144K), 1 survivors (2048K)
 Metaspace       used 64406K, committed 66240K, reserved 1114112K
  class space    used 9331K, committed 10240K, reserved 1048576K
}
Event: 533.599 GC heap after
{Heap after GC invocations=41 (full 0):
 garbage-first heap   total 151552K, used 61898K [0x0000000700000000, 0x0000000800000000)
  region size 2048K, 1 young (2048K), 1 survivors (2048K)
 Metaspace       used 64406K, committed 66240K, reserved 1114112K
  class space    used 9331K, committed 10240K, reserved 1048576K
}
Event: 539.968 GC heap before
{Heap before GC invocations=41 (full 0):
 garbage-first heap   total 151552K, used 65994K [0x0000000700000000, 0x0000000800000000)
  region size 2048K, 3 young (6144K), 1 survivors (2048K)
 Metaspace       used 64552K, committed 66432K, reserved 1114112K
  class space    used 9349K, committed 10304K, reserved 1048576K
}
Event: 540.030 GC heap after
{Heap after GC invocations=42 (full 0):
 garbage-first heap   total 182272K, used 62731K [0x0000000700000000, 0x0000000800000000)
  region size 2048K, 1 young (2048K), 1 survivors (2048K)
 Metaspace       used 64552K, committed 66432K, reserved 1114112K
  class space    used 9349K, committed 10304K, reserved 1048576K
}
Event: 540.639 GC heap before
{Heap before GC invocations=42 (full 0):
 garbage-first heap   total 182272K, used 68875K [0x0000000700000000, 0x0000000800000000)
  region size 2048K, 4 young (8192K), 1 survivors (2048K)
 Metaspace       used 64595K, committed 66496K, reserved 1114112K
  class space    used 9350K, committed 10304K, reserved 1048576K
}
Event: 540.662 GC heap after
{Heap after GC invocations=43 (full 0):
 garbage-first heap   total 182272K, used 64646K [0x0000000700000000, 0x0000000800000000)
  region size 2048K, 1 young (2048K), 1 survivors (2048K)
 Metaspace       used 64595K, committed 66496K, reserved 1114112K
  class space    used 9350K, committed 10304K, reserved 1048576K
}
Event: 544.297 GC heap before
{Heap before GC invocations=43 (full 0):
 garbage-first heap   total 182272K, used 70790K [0x0000000700000000, 0x0000000800000000)
  region size 2048K, 4 young (8192K), 1 survivors (2048K)
 Metaspace       used 64636K, committed 66560K, reserved 1114112K
  class space    used 9350K, committed 10304K, reserved 1048576K
}
Event: 544.319 GC heap after
{Heap after GC invocations=44 (full 0):
 garbage-first heap   total 182272K, used 63976K [0x0000000700000000, 0x0000000800000000)
  region size 2048K, 1 young (2048K), 1 survivors (2048K)
 Metaspace       used 64636K, committed 66560K, reserved 1114112K
  class space    used 9350K, committed 10304K, reserved 1048576K
}

