# JRE version: OpenJDK Runtime Environment Temurin-21.0.10+7 (21.0.10+7) (build 21.0.10+7-LTS)
# Java VM: OpenJDK 64-Bit Server VM Temurin-21.0.10+7 (21.0.10+7-LTS, mixed mode, sharing, tiered, compressed oops, compressed class ptrs, g1 gc, windows-amd64)
GC Precious Log:
 CardTable entry size: 512
 Card Set container configuration: InlinePtr #cards 5 size 8 Array Of Cards #cards 12 size 40 Howl #buckets 4 coarsen threshold 1843 Howl Bitmap #cards 512 size 80 coarsen threshold 460 Card regions per heap region 1 cards per card region 2048
 CPUs: 4 total, 4 available
 Memory: 3345M
 Large Page Support: Disabled
 NUMA Support: Disabled
 Compressed Oops: Enabled (32-bit)
 Heap Region Size: 1M
 Heap Min Capacity: 8M
 Heap Initial Capacity: 54M
 Heap Max Capacity: 1536M
 Pre-touch: Disabled
 Parallel Workers: 4
 Concurrent Workers: 1
 Concurrent Refinement Workers: 4
 Periodic GC: Disabled
Heap:
 garbage-first heap   total 241664K, used 85093K [0x00000000a0000000, 0x0000000100000000)
  region size 1024K, 9 young (9216K), 9 survivors (9216K)
 Metaspace       used 51293K, committed 52928K, reserved 1114112K
  class space    used 7312K, committed 8128K, reserved 1048576K
GC Heap History (20 events):
Event: 79.640 GC heap after
{Heap after GC invocations=35 (full 0):
 garbage-first heap   total 101376K, used 64694K [0x00000000a0000000, 0x0000000100000000)
  region size 1024K, 3 young (3072K), 3 survivors (3072K)
 Metaspace       used 50948K, committed 52544K, reserved 1114112K
  class space    used 7285K, committed 8064K, reserved 1048576K
}
Event: 80.073 GC heap before
{Heap before GC invocations=35 (full 0):
 garbage-first heap   total 101376K, used 88246K [0x00000000a0000000, 0x0000000100000000)
  region size 1024K, 26 young (26624K), 3 survivors (3072K)
 Metaspace       used 50968K, committed 52608K, reserved 1114112K
  class space    used 7285K, committed 8064K, reserved 1048576K
}
Event: 80.085 GC heap after
{Heap after GC invocations=36 (full 0):
 garbage-first heap   total 101376K, used 69949K [0x00000000a0000000, 0x0000000100000000)
  region size 1024K, 4 young (4096K), 4 survivors (4096K)
 Metaspace       used 50968K, committed 52608K, reserved 1114112K
  class space    used 7285K, committed 8064K, reserved 1048576K
}
Event: 80.342 GC heap before
{Heap before GC invocations=36 (full 0):
 garbage-first heap   total 101376K, used 88381K [0x00000000a0000000, 0x0000000100000000)
  region size 1024K, 22 young (22528K), 4 survivors (4096K)
 Metaspace       used 50977K, committed 52608K, reserved 1114112K
  class space    used 7285K, committed 8064K, reserved 1048576K
}
Event: 80.356 GC heap after
{Heap after GC invocations=37 (full 0):
 garbage-first heap   total 241664K, used 71396K [0x00000000a0000000, 0x0000000100000000)
  region size 1024K, 1 young (1024K), 1 survivors (1024K)
 Metaspace       used 50977K, committed 52608K, reserved 1114112K
  class space    used 7285K, committed 8064K, reserved 1048576K
}
Event: 88.804 GC heap before
{Heap before GC invocations=38 (full 0):
 garbage-first heap   total 239616K, used 192228K [0x00000000a0000000, 0x0000000100000000)
  region size 1024K, 120 young (122880K), 1 survivors (1024K)
 Metaspace       used 51014K, committed 52672K, reserved 1114112K
  class space    used 7284K, committed 8064K, reserved 1048576K
}
Event: 88.875 GC heap after
{Heap after GC invocations=39 (full 0):
 garbage-first heap   total 239616K, used 85320K [0x00000000a0000000, 0x0000000100000000)
  region size 1024K, 15 young (15360K), 15 survivors (15360K)
 Metaspace       used 51014K, committed 52672K, reserved 1114112K
  class space    used 7284K, committed 8064K, reserved 1048576K
}
Event: 90.547 GC heap before
{Heap before GC invocations=39 (full 0):
 garbage-first heap   total 239616K, used 189768K [0x00000000a0000000, 0x0000000100000000)
  region size 1024K, 118 young (120832K), 15 survivors (15360K)
 Metaspace       used 51147K, committed 52800K, reserved 1114112K
  class space    used 7308K, committed 8128K, reserved 1048576K
}
Event: 90.632 GC heap after
{Heap after GC invocations=40 (full 0):
 garbage-first heap   total 239616K, used 84420K [0x00000000a0000000, 0x0000000100000000)
  region size 1024K, 2 young (2048K), 2 survivors (2048K)
 Metaspace       used 51147K, committed 52800K, reserved 1114112K
  class space    used 7308K, committed 8128K, reserved 1048576K
}
Event: 91.670 GC heap before
{Heap before GC invocations=40 (full 0):
 garbage-first heap   total 239616K, used 200132K [0x00000000a0000000, 0x0000000100000000)
  region size 1024K, 115 young (117760K), 2 survivors (2048K)
 Metaspace       used 51167K, committed 52800K, reserved 1114112K
  class space    used 7308K, committed 8128K, reserved 1048576K
}
Event: 91.681 GC heap after
{Heap after GC invocations=41 (full 0):
 garbage-first heap   total 239616K, used 85103K [0x00000000a0000000, 0x0000000100000000)
  region size 1024K, 3 young (3072K), 3 survivors (3072K)
 Metaspace       used 51167K, committed 52800K, reserved 1114112K
  class space    used 7308K, committed 8128K, reserved 1048576K
}
Event: 93.717 GC heap before
{Heap before GC invocations=42 (full 0):
 garbage-first heap   total 239616K, used 210243K [0x00000000a0000000, 0x0000000100000000)
  region size 1024K, 127 young (130048K), 3 survivors (3072K)
 Metaspace       used 51173K, committed 52800K, reserved 1114112K
  class space    used 7308K, committed 8128K, reserved 1048576K
}
Event: 93.721 GC heap after
{Heap after GC invocations=43 (full 0):
 garbage-first heap   total 239616K, used 84881K [0x00000000a0000000, 0x0000000100000000)
  region size 1024K, 4 young (4096K), 4 survivors (4096K)
 Metaspace       used 51173K, committed 52800K, reserved 1114112K
  class space    used 7308K, committed 8128K, reserved 1048576K
}
Event: 94.650 GC heap before
{Heap before GC invocations=43 (full 0):
 garbage-first heap   total 239616K, used 216977K [0x00000000a0000000, 0x0000000100000000)
  region size 1024K, 133 young (136192K), 4 survivors (4096K)
 Metaspace       used 51181K, committed 52800K, reserved 1114112K
  class space    used 7308K, committed 8128K, reserved 1048576K
}
Event: 94.681 GC heap after
{Heap after GC invocations=44 (full 0):
 garbage-first heap   total 239616K, used 82892K [0x00000000a0000000, 0x0000000100000000)
  region size 1024K, 5 young (5120K), 5 survivors (5120K)
 Metaspace       used 51181K, committed 52800K, reserved 1114112K
  class space    used 7308K, committed 8128K, reserved 1048576K
}
Event: 95.938 GC heap before
{Heap before GC invocations=44 (full 0):
 garbage-first heap   total 239616K, used 221132K [0x00000000a0000000, 0x0000000100000000)
  region size 1024K, 140 young (143360K), 5 survivors (5120K)
 Metaspace       used 51228K, committed 52864K, reserved 1114112K
  class space    used 7308K, committed 8128K, reserved 1048576K
}
Event: 95.975 GC heap after
{Heap after GC invocations=45 (full 0):
 garbage-first heap   total 239616K, used 85282K [0x00000000a0000000, 0x0000000100000000)
  region size 1024K, 7 young (7168K), 7 survivors (7168K)
 Metaspace       used 51228K, committed 52864K, reserved 1114112K
  class space    used 7308K, committed 8128K, reserved 1048576K
}
Event: 96.945 GC heap before
{Heap before GC invocations=46 (full 0):
 garbage-first heap   total 239616K, used 221474K [0x00000000a0000000, 0x0000000100000000)
  region size 1024K, 140 young (143360K), 7 survivors (7168K)
 Metaspace       used 51262K, committed 52864K, reserved 1114112K
  class space    used 7312K, committed 8128K, reserved 1048576K
}
Event: 96.954 GC heap after
{Heap after GC invocations=47 (full 0):
 garbage-first heap   total 239616K, used 86468K [0x00000000a0000000, 0x0000000100000000)
  region size 1024K, 8 young (8192K), 8 survivors (8192K)
 Metaspace       used 51262K, committed 52864K, reserved 1114112K
  class space    used 7312K, committed 8128K, reserved 1048576K
}
Event: 97.702 GC heap before
{Heap before GC invocations=47 (full 0):
 garbage-first heap   total 239616K, used 221636K [0x00000000a0000000, 0x0000000100000000)
  region size 1024K, 140 young (143360K), 8 survivors (8192K)
 Metaspace       used 51293K, committed 52928K, reserved 1114112K
  class space    used 7312K, committed 8128K, reserved 1048576K
}

