# JRE version: Java(TM) SE Runtime Environment (17.0.12+8) (build 17.0.12+8-LTS-286)
# Java VM: Java HotSpot(TM) 64-Bit Server VM (17.0.12+8-LTS-286, mixed mode, sharing, tiered, compressed oops, compressed class ptrs, g1 gc, windows-amd64)
GC Precious Log:
 CPUs: 4 total, 4 available
 Memory: 3345M
 Large Page Support: Disabled
 NUMA Support: Disabled
 Compressed Oops: Enabled (Zero based)
 Heap Region Size: 2M
 Heap Min Capacity: 8M
 Heap Initial Capacity: 54M
 Heap Max Capacity: 4G
 Pre-touch: Disabled
 Parallel Workers: 4
 Concurrent Workers: 1
 Concurrent Refinement Workers: 4
 Periodic GC: Disabled
Heap:
 garbage-first heap   total 172032K, used 103407K [0x0000000700000000, 0x0000000800000000)
  region size 2048K, 1 young (2048K), 1 survivors (2048K)
 Metaspace       used 90918K, committed 91584K, reserved 1179648K
  class space    used 12602K, committed 12928K, reserved 1048576K
GC Heap History (20 events):
Event: 66.982 GC heap after
{Heap after GC invocations=51 (full 0):
 garbage-first heap   total 112640K, used 63851K [0x0000000700000000, 0x0000000800000000)
  region size 2048K, 2 young (4096K), 2 survivors (4096K)
 Metaspace       used 62207K, committed 62784K, reserved 1114112K
  class space    used 8790K, committed 9088K, reserved 1048576K
}
Event: 67.612 GC heap before
{Heap before GC invocations=52 (full 0):
 garbage-first heap   total 126976K, used 88427K [0x0000000700000000, 0x0000000800000000)
  region size 2048K, 14 young (28672K), 2 survivors (4096K)
 Metaspace       used 64037K, committed 64640K, reserved 1114112K
  class space    used 9030K, committed 9344K, reserved 1048576K
}
Event: 67.617 GC heap after
{Heap after GC invocations=53 (full 0):
 garbage-first heap   total 126976K, used 65577K [0x0000000700000000, 0x0000000800000000)
  region size 2048K, 2 young (4096K), 2 survivors (4096K)
 Metaspace       used 64037K, committed 64640K, reserved 1114112K
  class space    used 9030K, committed 9344K, reserved 1048576K
}
Event: 68.569 GC heap before
{Heap before GC invocations=53 (full 0):
 garbage-first heap   total 126976K, used 100393K [0x0000000700000000, 0x0000000800000000)
  region size 2048K, 19 young (38912K), 2 survivors (4096K)
 Metaspace       used 66202K, committed 66752K, reserved 1114112K
  class space    used 9325K, committed 9600K, reserved 1048576K
}
Event: 68.589 GC heap after
{Heap after GC invocations=54 (full 0):
 garbage-first heap   total 126976K, used 66659K [0x0000000700000000, 0x0000000800000000)
  region size 2048K, 2 young (4096K), 2 survivors (4096K)
 Metaspace       used 66202K, committed 66752K, reserved 1114112K
  class space    used 9325K, committed 9600K, reserved 1048576K
}
Event: 70.073 GC heap before
{Heap before GC invocations=55 (full 0):
 garbage-first heap   total 126976K, used 103523K [0x0000000700000000, 0x0000000800000000)
  region size 2048K, 20 young (40960K), 2 survivors (4096K)
 Metaspace       used 69859K, committed 70464K, reserved 1114112K
  class space    used 9761K, committed 10048K, reserved 1048576K
}
Event: 70.085 GC heap after
{Heap after GC invocations=56 (full 0):
 garbage-first heap   total 126976K, used 68369K [0x0000000700000000, 0x0000000800000000)
  region size 2048K, 3 young (6144K), 3 survivors (6144K)
 Metaspace       used 69859K, committed 70464K, reserved 1114112K
  class space    used 9761K, committed 10048K, reserved 1048576K
}
Event: 70.924 GC heap before
{Heap before GC invocations=56 (full 0):
 garbage-first heap   total 126976K, used 101137K [0x0000000700000000, 0x0000000800000000)
  region size 2048K, 19 young (38912K), 3 survivors (6144K)
 Metaspace       used 74247K, committed 74880K, reserved 1114112K
  class space    used 10317K, committed 10624K, reserved 1048576K
}
Event: 70.940 GC heap after
{Heap after GC invocations=57 (full 0):
 garbage-first heap   total 126976K, used 69641K [0x0000000700000000, 0x0000000800000000)
  region size 2048K, 2 young (4096K), 2 survivors (4096K)
 Metaspace       used 74247K, committed 74880K, reserved 1114112K
  class space    used 10317K, committed 10624K, reserved 1048576K
}
Event: 72.840 GC heap before
{Heap before GC invocations=58 (full 0):
 garbage-first heap   total 147456K, used 98313K [0x0000000700000000, 0x0000000800000000)
  region size 2048K, 17 young (34816K), 2 survivors (4096K)
 Metaspace       used 79230K, committed 79872K, reserved 1179648K
  class space    used 11423K, committed 11712K, reserved 1048576K
}
Event: 72.864 GC heap after
{Heap after GC invocations=59 (full 0):
 garbage-first heap   total 147456K, used 70581K [0x0000000700000000, 0x0000000800000000)
  region size 2048K, 2 young (4096K), 2 survivors (4096K)
 Metaspace       used 79230K, committed 79872K, reserved 1179648K
  class space    used 11423K, committed 11712K, reserved 1048576K
}
Event: 74.853 GC heap before
{Heap before GC invocations=60 (full 0):
 garbage-first heap   total 147456K, used 125877K [0x0000000700000000, 0x0000000800000000)
  region size 2048K, 27 young (55296K), 2 survivors (4096K)
 Metaspace       used 79445K, committed 80064K, reserved 1179648K
  class space    used 11431K, committed 11712K, reserved 1048576K
}
Event: 74.986 GC heap after
{Heap after GC invocations=61 (full 0):
 garbage-first heap   total 147456K, used 85027K [0x0000000700000000, 0x0000000800000000)
  region size 2048K, 4 young (8192K), 4 survivors (8192K)
 Metaspace       used 79445K, committed 80064K, reserved 1179648K
  class space    used 11431K, committed 11712K, reserved 1048576K
}
Event: 75.669 GC heap before
{Heap before GC invocations=61 (full 0):
 garbage-first heap   total 147456K, used 115747K [0x0000000700000000, 0x0000000800000000)
  region size 2048K, 19 young (38912K), 4 survivors (8192K)
 Metaspace       used 81640K, committed 82240K, reserved 1179648K
  class space    used 11695K, committed 11968K, reserved 1048576K
}
Event: 75.698 GC heap after
{Heap after GC invocations=62 (full 0):
 garbage-first heap   total 147456K, used 90054K [0x0000000700000000, 0x0000000800000000)
  region size 2048K, 3 young (6144K), 3 survivors (6144K)
 Metaspace       used 81640K, committed 82240K, reserved 1179648K
  class space    used 11695K, committed 11968K, reserved 1048576K
}
Event: 76.327 GC heap before
{Heap before GC invocations=63 (full 0):
 garbage-first heap   total 172032K, used 104390K [0x0000000700000000, 0x0000000800000000)
  region size 2048K, 11 young (22528K), 3 survivors (6144K)
 Metaspace       used 83537K, committed 84160K, reserved 1179648K
  class space    used 11903K, committed 12224K, reserved 1048576K
}
Event: 76.333 GC heap after
{Heap after GC invocations=64 (full 0):
 garbage-first heap   total 172032K, used 91247K [0x0000000700000000, 0x0000000800000000)
  region size 2048K, 1 young (2048K), 1 survivors (2048K)
 Metaspace       used 83537K, committed 84160K, reserved 1179648K
  class space    used 11903K, committed 12224K, reserved 1048576K
}
Event: 77.629 GC heap before
{Heap before GC invocations=65 (full 0):
 garbage-first heap   total 172032K, used 140399K [0x0000000700000000, 0x0000000800000000)
  region size 2048K, 22 young (45056K), 1 survivors (2048K)
 Metaspace       used 86710K, committed 87360K, reserved 1179648K
  class space    used 12219K, committed 12544K, reserved 1048576K
}
Event: 77.643 GC heap after
{Heap after GC invocations=66 (full 0):
 garbage-first heap   total 172032K, used 101766K [0x0000000700000000, 0x0000000800000000)
  region size 2048K, 3 young (6144K), 3 survivors (6144K)
 Metaspace       used 86710K, committed 87360K, reserved 1179648K
  class space    used 12219K, committed 12544K, reserved 1048576K
}
Event: 78.771 GC heap before
{Heap before GC invocations=66 (full 0):
 garbage-first heap   total 172032K, used 138630K [0x0000000700000000, 0x0000000800000000)
  region size 2048K, 21 young (43008K), 3 survivors (6144K)
 Metaspace       used 90918K, committed 91584K, reserved 1179648K
  class space    used 12602K, committed 12928K, reserved 1048576K
}

