# JRE version: OpenJDK Runtime Environment Temurin-21.0.10+7 (21.0.10+7) (build 21.0.10+7-LTS)
# Java VM: OpenJDK 64-Bit Server VM Temurin-21.0.10+7 (21.0.10+7-LTS, mixed mode, sharing, tiered, compressed oops, compressed class ptrs, g1 gc, windows-amd64)
GC Precious Log:
 CardTable entry size: 512
 Card Set container configuration: InlinePtr #cards 4 size 8 Array Of Cards #cards 16 size 48 Howl #buckets 8 coarsen threshold 3686 Howl Bitmap #cards 512 size 80 coarsen threshold 460 Card regions per heap region 1 cards per card region 4096
 CPUs: 4 total, 4 available
 Memory: 3345M
 Large Page Support: Disabled
 NUMA Support: Disabled
 Compressed Oops: Enabled (Zero based)
 Heap Region Size: 2M
 Heap Min Capacity: 8M
 Heap Initial Capacity: 54M
 Heap Max Capacity: 4G
 Pre-touch: Disabled
 Parallel Workers: 4
 Concurrent Workers: 1
 Concurrent Refinement Workers: 4
 Periodic GC: Disabled
Heap:
 garbage-first heap   total 122880K, used 94868K [0x0000000700000000, 0x0000000800000000)
  region size 2048K, 15 young (30720K), 2 survivors (4096K)
 Metaspace       used 82575K, committed 84416K, reserved 1179648K
  class space    used 11194K, committed 12096K, reserved 1048576K
GC Heap History (20 events):
Event: 67.594 GC heap before
{Heap before GC invocations=27 (full 0):
 garbage-first heap   total 69632K, used 66758K [0x0000000700000000, 0x0000000800000000)
  region size 2048K, 13 young (26624K), 2 survivors (4096K)
 Metaspace       used 56995K, committed 58432K, reserved 1114112K
  class space    used 8285K, committed 8960K, reserved 1048576K
}
Event: 67.612 GC heap after
{Heap after GC invocations=28 (full 0):
 garbage-first heap   total 75776K, used 46789K [0x0000000700000000, 0x0000000800000000)
  region size 2048K, 2 young (4096K), 2 survivors (4096K)
 Metaspace       used 56995K, committed 58432K, reserved 1114112K
  class space    used 8285K, committed 8960K, reserved 1048576K
}
Event: 68.497 GC heap before
{Heap before GC invocations=28 (full 0):
 garbage-first heap   total 75776K, used 67269K [0x0000000700000000, 0x0000000800000000)
  region size 2048K, 13 young (26624K), 2 survivors (4096K)
 Metaspace       used 57115K, committed 58560K, reserved 1114112K
  class space    used 8290K, committed 8960K, reserved 1048576K
}
Event: 68.572 GC heap after
{Heap after GC invocations=29 (full 0):
 garbage-first heap   total 81920K, used 53844K [0x0000000700000000, 0x0000000800000000)
  region size 2048K, 2 young (4096K), 2 survivors (4096K)
 Metaspace       used 57115K, committed 58560K, reserved 1114112K
  class space    used 8290K, committed 8960K, reserved 1048576K
}
Event: 70.143 GC heap before
{Heap before GC invocations=30 (full 0):
 garbage-first heap   total 92160K, used 70228K [0x0000000700000000, 0x0000000800000000)
  region size 2048K, 10 young (20480K), 2 survivors (4096K)
 Metaspace       used 58202K, committed 59648K, reserved 1114112K
  class space    used 8431K, committed 9152K, reserved 1048576K
}
Event: 70.156 GC heap after
{Heap after GC invocations=31 (full 0):
 garbage-first heap   total 92160K, used 50481K [0x0000000700000000, 0x0000000800000000)
  region size 2048K, 2 young (4096K), 2 survivors (4096K)
 Metaspace       used 58202K, committed 59648K, reserved 1114112K
  class space    used 8431K, committed 9152K, reserved 1048576K
}
Event: 73.439 GC heap before
{Heap before GC invocations=31 (full 0):
 garbage-first heap   total 92160K, used 79153K [0x0000000700000000, 0x0000000800000000)
  region size 2048K, 14 young (28672K), 2 survivors (4096K)
 Metaspace       used 61481K, committed 62912K, reserved 1114112K
  class space    used 8786K, committed 9472K, reserved 1048576K
}
Event: 73.566 GC heap after
{Heap after GC invocations=32 (full 0):
 garbage-first heap   total 110592K, used 58094K [0x0000000700000000, 0x0000000800000000)
  region size 2048K, 2 young (4096K), 2 survivors (4096K)
 Metaspace       used 61481K, committed 62912K, reserved 1114112K
  class space    used 8786K, committed 9472K, reserved 1048576K
}
Event: 84.665 GC heap before
{Heap before GC invocations=32 (full 0):
 garbage-first heap   total 110592K, used 88814K [0x0000000700000000, 0x0000000800000000)
  region size 2048K, 18 young (36864K), 2 survivors (4096K)
 Metaspace       used 64986K, committed 66432K, reserved 1114112K
  class space    used 9144K, committed 9856K, reserved 1048576K
}
Event: 84.682 GC heap after
{Heap after GC invocations=33 (full 0):
 garbage-first heap   total 110592K, used 60869K [0x0000000700000000, 0x0000000800000000)
  region size 2048K, 3 young (6144K), 3 survivors (6144K)
 Metaspace       used 64986K, committed 66432K, reserved 1114112K
  class space    used 9144K, committed 9856K, reserved 1048576K
}
Event: 88.541 GC heap before
{Heap before GC invocations=33 (full 0):
 garbage-first heap   total 110592K, used 91589K [0x0000000700000000, 0x0000000800000000)
  region size 2048K, 19 young (38912K), 3 survivors (6144K)
 Metaspace       used 68939K, committed 70656K, reserved 1114112K
  class space    used 9583K, committed 10432K, reserved 1048576K
}
Event: 88.573 GC heap after
{Heap after GC invocations=34 (full 0):
 garbage-first heap   total 110592K, used 62968K [0x0000000700000000, 0x0000000800000000)
  region size 2048K, 3 young (6144K), 3 survivors (6144K)
 Metaspace       used 68939K, committed 70656K, reserved 1114112K
  class space    used 9583K, committed 10432K, reserved 1048576K
}
Event: 91.577 GC heap before
{Heap before GC invocations=34 (full 0):
 garbage-first heap   total 110592K, used 95736K [0x0000000700000000, 0x0000000800000000)
  region size 2048K, 19 young (38912K), 3 survivors (6144K)
 Metaspace       used 72708K, committed 74496K, reserved 1114112K
  class space    used 10048K, committed 10944K, reserved 1048576K
}
Event: 91.647 GC heap after
{Heap after GC invocations=35 (full 0):
 garbage-first heap   total 110592K, used 65174K [0x0000000700000000, 0x0000000800000000)
  region size 2048K, 2 young (4096K), 2 survivors (4096K)
 Metaspace       used 72708K, committed 74496K, reserved 1114112K
  class space    used 10048K, committed 10944K, reserved 1048576K
}
Event: 94.674 GC heap before
{Heap before GC invocations=36 (full 0):
 garbage-first heap   total 110592K, used 97942K [0x0000000700000000, 0x0000000800000000)
  region size 2048K, 18 young (36864K), 2 survivors (4096K)
 Metaspace       used 76377K, committed 78144K, reserved 1179648K
  class space    used 10526K, committed 11392K, reserved 1048576K
}
Event: 94.708 GC heap after
{Heap after GC invocations=37 (full 0):
 garbage-first heap   total 110592K, used 69009K [0x0000000700000000, 0x0000000800000000)
  region size 2048K, 3 young (6144K), 3 survivors (6144K)
 Metaspace       used 76377K, committed 78144K, reserved 1179648K
  class space    used 10526K, committed 11392K, reserved 1048576K
}
Event: 97.331 GC heap before
{Heap before GC invocations=37 (full 0):
 garbage-first heap   total 110592K, used 99729K [0x0000000700000000, 0x0000000800000000)
  region size 2048K, 18 young (36864K), 3 survivors (6144K)
 Metaspace       used 77655K, committed 79360K, reserved 1179648K
  class space    used 10675K, committed 11520K, reserved 1048576K
}
Event: 97.421 GC heap after
{Heap after GC invocations=38 (full 0):
 garbage-first heap   total 110592K, used 68752K [0x0000000700000000, 0x0000000800000000)
  region size 2048K, 2 young (4096K), 2 survivors (4096K)
 Metaspace       used 77655K, committed 79360K, reserved 1179648K
  class space    used 10675K, committed 11520K, reserved 1048576K
}
Event: 105.750 GC heap before
{Heap before GC invocations=38 (full 0):
 garbage-first heap   total 110592K, used 97424K [0x0000000700000000, 0x0000000800000000)
  region size 2048K, 16 young (32768K), 2 survivors (4096K)
 Metaspace       used 78859K, committed 80576K, reserved 1179648K
  class space    used 10780K, committed 11648K, reserved 1048576K
}
Event: 105.877 GC heap after
{Heap after GC invocations=39 (full 0):
 garbage-first heap   total 110592K, used 72340K [0x0000000700000000, 0x0000000800000000)
  region size 2048K, 2 young (4096K), 2 survivors (4096K)
 Metaspace       used 78859K, committed 80576K, reserved 1179648K
  class space    used 10780K, committed 11648K, reserved 1048576K
}

