# JRE version: OpenJDK Runtime Environment Temurin-21.0.12.1+1 (21.0.12.1+1) (build 21.0.12.1+1-LTS)
# Java VM: OpenJDK 64-Bit Server VM Temurin-21.0.12.1+1 (21.0.12.1+1-LTS, mixed mode, sharing, tiered, compressed oops, compressed class ptrs, g1 gc, windows-amd64)
GC Precious Log:
 CardTable entry size: 512
 Card Set container configuration: InlinePtr #cards 4 size 8 Array Of Cards #cards 16 size 48 Howl #buckets 8 coarsen threshold 3686 Howl Bitmap #cards 512 size 80 coarsen threshold 460 Card regions per heap region 1 cards per card region 4096
 CPUs: 4 total, 4 available
 Memory: 3345M
 Large Page Support: Disabled
 NUMA Support: Disabled
 Compressed Oops: Enabled (Zero based)
 Heap Region Size: 2M
 Heap Min Capacity: 8M
 Heap Initial Capacity: 54M
 Heap Max Capacity: 4G
 Pre-touch: Disabled
 Parallel Workers: 4
 Concurrent Workers: 1
 Concurrent Refinement Workers: 4
 Periodic GC: Disabled
Heap:
 garbage-first heap   total 110592K, used 101079K [0x0000000700000000, 0x0000000800000000)
  region size 2048K, 21 young (43008K), 3 survivors (6144K)
 Metaspace       used 66067K, committed 67968K, reserved 1114112K
  class space    used 9561K, committed 10496K, reserved 1048576K
GC Heap History (20 events):
Event: 152.436 GC heap before
{Heap before GC invocations=24 (full 0):
 garbage-first heap   total 71680K, used 63185K [0x0000000700000000, 0x0000000800000000)
  region size 2048K, 12 young (24576K), 1 survivors (2048K)
 Metaspace       used 47299K, committed 48960K, reserved 1114112K
  class space    used 6881K, committed 7680K, reserved 1048576K
}
Event: 152.697 GC heap after
{Heap after GC invocations=25 (full 0):
 garbage-first heap   total 71680K, used 41455K [0x0000000700000000, 0x0000000800000000)
  region size 2048K, 2 young (4096K), 2 survivors (4096K)
 Metaspace       used 47299K, committed 48960K, reserved 1114112K
  class space    used 6881K, committed 7680K, reserved 1048576K
}
Event: 179.046 GC heap before
{Heap before GC invocations=26 (full 0):
 garbage-first heap   total 75776K, used 59887K [0x0000000700000000, 0x0000000800000000)
  region size 2048K, 12 young (24576K), 2 survivors (4096K)
 Metaspace       used 48508K, committed 50112K, reserved 1114112K
  class space    used 7049K, committed 7808K, reserved 1048576K
}
Event: 179.144 GC heap after
{Heap after GC invocations=27 (full 0):
 garbage-first heap   total 75776K, used 44079K [0x0000000700000000, 0x0000000800000000)
  region size 2048K, 2 young (4096K), 2 survivors (4096K)
 Metaspace       used 48508K, committed 50112K, reserved 1114112K
  class space    used 7049K, committed 7808K, reserved 1048576K
}
Event: 182.622 GC heap before
{Heap before GC invocations=27 (full 0):
 garbage-first heap   total 75776K, used 68655K [0x0000000700000000, 0x0000000800000000)
  region size 2048K, 14 young (28672K), 2 survivors (4096K)
 Metaspace       used 50836K, committed 52608K, reserved 1114112K
  class space    used 7462K, committed 8320K, reserved 1048576K
}
Event: 183.001 GC heap after
{Heap after GC invocations=28 (full 0):
 garbage-first heap   total 75776K, used 44171K [0x0000000700000000, 0x0000000800000000)
  region size 2048K, 1 young (2048K), 1 survivors (2048K)
 Metaspace       used 50836K, committed 52608K, reserved 1114112K
  class space    used 7462K, committed 8320K, reserved 1048576K
}
Event: 189.330 GC heap before
{Heap before GC invocations=28 (full 0):
 garbage-first heap   total 75776K, used 58507K [0x0000000700000000, 0x0000000800000000)
  region size 2048K, 10 young (20480K), 1 survivors (2048K)
 Metaspace       used 52346K, committed 54208K, reserved 1114112K
  class space    used 7722K, committed 8640K, reserved 1048576K
}
Event: 189.349 GC heap after
{Heap after GC invocations=29 (full 0):
 garbage-first heap   total 75776K, used 44970K [0x0000000700000000, 0x0000000800000000)
  region size 2048K, 2 young (4096K), 2 survivors (4096K)
 Metaspace       used 52346K, committed 54208K, reserved 1114112K
  class space    used 7722K, committed 8640K, reserved 1048576K
}
Event: 193.079 GC heap before
{Heap before GC invocations=30 (full 0):
 garbage-first heap   total 86016K, used 69546K [0x0000000700000000, 0x0000000800000000)
  region size 2048K, 13 young (26624K), 2 survivors (4096K)
 Metaspace       used 55350K, committed 57216K, reserved 1114112K
  class space    used 8098K, committed 9024K, reserved 1048576K
}
Event: 193.097 GC heap after
{Heap after GC invocations=31 (full 0):
 garbage-first heap   total 86016K, used 50323K [0x0000000700000000, 0x0000000800000000)
  region size 2048K, 2 young (4096K), 2 survivors (4096K)
 Metaspace       used 55350K, committed 57216K, reserved 1114112K
  class space    used 8098K, committed 9024K, reserved 1048576K
}
Event: 217.616 GC heap before
{Heap before GC invocations=31 (full 0):
 garbage-first heap   total 86016K, used 83091K [0x0000000700000000, 0x0000000800000000)
  region size 2048K, 14 young (28672K), 2 survivors (4096K)
 Metaspace       used 57227K, committed 59136K, reserved 1114112K
  class space    used 8390K, committed 9344K, reserved 1048576K
}
Event: 217.646 GC heap after
{Heap after GC invocations=32 (full 0):
 garbage-first heap   total 92160K, used 60144K [0x0000000700000000, 0x0000000800000000)
  region size 2048K, 2 young (4096K), 2 survivors (4096K)
 Metaspace       used 57227K, committed 59136K, reserved 1114112K
  class space    used 8390K, committed 9344K, reserved 1048576K
}
Event: 223.152 GC heap before
{Heap before GC invocations=32 (full 0):
 garbage-first heap   total 92160K, used 84720K [0x0000000700000000, 0x0000000800000000)
  region size 2048K, 14 young (28672K), 2 survivors (4096K)
 Metaspace       used 60006K, committed 61824K, reserved 1114112K
  class space    used 8747K, committed 9664K, reserved 1048576K
}
Event: 223.167 GC heap after
{Heap after GC invocations=33 (full 0):
 garbage-first heap   total 92160K, used 61218K [0x0000000700000000, 0x0000000800000000)
  region size 2048K, 2 young (4096K), 2 survivors (4096K)
 Metaspace       used 60006K, committed 61824K, reserved 1114112K
  class space    used 8747K, committed 9664K, reserved 1048576K
}
Event: 226.073 GC heap before
{Heap before GC invocations=33 (full 0):
 garbage-first heap   total 92160K, used 83746K [0x0000000700000000, 0x0000000800000000)
  region size 2048K, 13 young (26624K), 2 survivors (4096K)
 Metaspace       used 61770K, committed 63680K, reserved 1114112K
  class space    used 8973K, committed 9920K, reserved 1048576K
}
Event: 226.193 GC heap after
{Heap after GC invocations=34 (full 0):
 garbage-first heap   total 92160K, used 62500K [0x0000000700000000, 0x0000000800000000)
  region size 2048K, 2 young (4096K), 2 survivors (4096K)
 Metaspace       used 61770K, committed 63680K, reserved 1114112K
  class space    used 8973K, committed 9920K, reserved 1048576K
}
Event: 232.158 GC heap before
{Heap before GC invocations=34 (full 0):
 garbage-first heap   total 92160K, used 82980K [0x0000000700000000, 0x0000000800000000)
  region size 2048K, 12 young (24576K), 2 survivors (4096K)
 Metaspace       used 63220K, committed 65088K, reserved 1114112K
  class space    used 9159K, committed 10112K, reserved 1048576K
}
Event: 232.221 GC heap after
{Heap after GC invocations=35 (full 0):
 garbage-first heap   total 92160K, used 63188K [0x0000000700000000, 0x0000000800000000)
  region size 2048K, 2 young (4096K), 2 survivors (4096K)
 Metaspace       used 63220K, committed 65088K, reserved 1114112K
  class space    used 9159K, committed 10112K, reserved 1048576K
}
Event: 236.267 GC heap before
{Heap before GC invocations=36 (full 0):
 garbage-first heap   total 110592K, used 81620K [0x0000000700000000, 0x0000000800000000)
  region size 2048K, 11 young (22528K), 2 survivors (4096K)
 Metaspace       used 64411K, committed 66240K, reserved 1114112K
  class space    used 9337K, committed 10240K, reserved 1048576K
}
Event: 236.279 GC heap after
{Heap after GC invocations=37 (full 0):
 garbage-first heap   total 110592K, used 64215K [0x0000000700000000, 0x0000000800000000)
  region size 2048K, 2 young (4096K), 2 survivors (4096K)
 Metaspace       used 64411K, committed 66240K, reserved 1114112K
  class space    used 9337K, committed 10240K, reserved 1048576K
}

